0 info it worked if it ends with ok
1 verbose cli [ '/usr/local/bin/node', '/usr/local/bin/npm', 'run', 'compile' ]
2 info using npm@3.10.10
3 info using node@v6.11.1
4 verbose run-script [ 'precompile', 'compile', 'postcompile' ]
5 info lifecycle movie_practice@1.0.0~precompile: movie_practice@1.0.0
6 silly lifecycle movie_practice@1.0.0~precompile: no script for precompile, continuing
7 info lifecycle movie_practice@1.0.0~compile: movie_practice@1.0.0
8 verbose lifecycle movie_practice@1.0.0~compile: unsafe-perm in lifecycle true
9 verbose lifecycle movie_practice@1.0.0~compile: PATH: /usr/local/lib/node_modules/npm/bin/node-gyp-bin:/Users/kelly/Documents/Hack Reactor/Sprints/MovieList/node_modules/.bin:/Users/kelly/.rvm/gems/ruby-2.4.0/bin:/Users/kelly/.rvm/gems/ruby-2.4.0@global/bin:/Users/kelly/.rvm/rubies/ruby-2.4.0/bin:/usr/local/bin:/usr/bin:/bin:/usr/sbin:/sbin:/Applications/Postgres.app/Contents/Versions/9.4/bin:/Users/kelly/.rvm/bin
10 verbose lifecycle movie_practice@1.0.0~compile: CWD: /Users/kelly/Documents/Hack Reactor/Sprints/MovieList
11 silly lifecycle movie_practice@1.0.0~compile: Args: [ '-c', 'webpack' ]
12 silly lifecycle movie_practice@1.0.0~compile: Returned: code: 2  signal: null
13 info lifecycle movie_practice@1.0.0~compile: Failed to exec compile script
14 verbose stack Error: movie_practice@1.0.0 compile: `webpack`
14 verbose stack Exit status 2
14 verbose stack     at EventEmitter.<anonymous> (/usr/local/lib/node_modules/npm/lib/utils/lifecycle.js:255:16)
14 verbose stack     at emitTwo (events.js:106:13)
14 verbose stack     at EventEmitter.emit (events.js:191:7)
14 verbose stack     at ChildProcess.<anonymous> (/usr/local/lib/node_modules/npm/lib/utils/spawn.js:40:14)
14 verbose stack     at emitTwo (events.js:106:13)
14 verbose stack     at ChildProcess.emit (events.js:191:7)
14 verbose stack     at maybeClose (internal/child_process.js:891:16)
14 verbose stack     at Process.ChildProcess._handle.onexit (internal/child_process.js:226:5)
15 verbose pkgid movie_practice@1.0.0
16 verbose cwd /Users/kelly/Documents/Hack Reactor/Sprints/MovieList
17 error Darwin 14.5.0
18 error argv "/usr/local/bin/node" "/usr/local/bin/npm" "run" "compile"
19 error node v6.11.1
20 error npm  v3.10.10
21 error code ELIFECYCLE
22 error movie_practice@1.0.0 compile: `webpack`
22 error Exit status 2
23 error Failed at the movie_practice@1.0.0 compile script 'webpack'.
23 error Make sure you have the latest version of node.js and npm installed.
23 error If you do, this is most likely a problem with the movie_practice package,
23 error not with npm itself.
23 error Tell the author that this fails on your system:
23 error     webpack
23 error You can get information on how to open an issue for this project with:
23 error     npm bugs movie_practice
23 error Or if that isn't available, you can get their info via:
23 error     npm owner ls movie_practice
23 error There is likely additional logging output above.
24 verbose exit [ 1, true ]
